2026-02-21 23:11:49,890 - INFO - Advanced Banking System Started
2026-02-21 23:11:49,897 - INFO - Account created for Shuvadip
2026-02-21 23:11:49,897 - INFO - savings account created for Shuvadip
2026-02-21 23:11:49,897 - INFO - Account created for Rahul
2026-02-21 23:11:49,897 - INFO - current account created for Rahul
2026-02-21 23:11:49,898 - INFO - 5000 deposited in 101
2026-02-21 23:11:49,899 - INFO - 2000 withdrawn from 101
2026-02-21 23:31:11,264 - INFO - Advanced Banking System Started
2026-02-21 23:31:11,268 - INFO - Account created for Shuvadip
2026-02-21 23:31:11,268 - INFO - savings account created for Shuvadip
2026-02-21 23:31:11,268 - INFO - Account created for Rahul
2026-02-21 23:31:11,269 - INFO - current account created for Rahul
2026-02-21 23:31:11,269 - INFO - 5000 deposited in 101
2026-02-21 23:31:11,269 - INFO - 2000 withdrawn from 101
2026-02-25 11:38:54,672 - INFO - Advanced Banking System Started
2026-02-25 11:38:54,674 - INFO - Account created for Shuvadip
2026-02-25 11:38:54,674 - INFO - savings account created for Shuvadip
2026-02-25 11:38:54,674 - INFO - Account created for Rahul
2026-02-25 11:38:54,674 - INFO - current account created for Rahul
2026-02-25 11:38:54,674 - INFO - 5000 deposited in 101
2026-02-25 11:38:54,674 - INFO - 2000 withdrawn from 101
2026-02-25 11:49:21,314 - INFO - Advanced Banking System Started
2026-02-25 11:49:21,320 - INFO - Account created for Shuvadip
2026-02-25 11:49:21,320 - INFO - savings account created for Shuvadip
2026-02-25 11:49:21,320 - INFO - Account created for Rahul
2026-02-25 11:49:21,321 - INFO - current account created for Rahul
2026-02-25 11:49:21,321 - INFO - 5000 deposited in 101
2026-02-25 11:49:21,321 - INFO - 2000 withdrawn from 101
